<?xml version="1.0" encoding="UTF-8"?>
<testsuite name="com.sportpulse.domain.model.SimpleTest" tests="1" skipped="0" failures="0" errors="0" timestamp="2025-07-24T16:33:02.266Z" hostname="MacBook-Air-de-LABELSYSTEMS.local" time="0.001">
  <properties/>
  <testcase name="simpleTest()" classname="com.sportpulse.domain.model.SimpleTest" time="0.001"/>
  <system-out><![CDATA[]]></system-out>
  <system-err><![CDATA[]]></system-err>
</testsuite>
